Information: Derived library resistance unit is 1.000000 Kohm (Time unit is 1 ns, and Capacitance unit is 1.000000 pF). (DES-028)
Warning: Reduced annotation reading must be enabled before reading a parasitics file which contains reduced annotations. (PARA-123)
Warning: Reduced annotation reading must be enabled before reading a parasitics file which contains reduced annotations. (PARA-123)
Warning: Reduced annotation reading must be enabled before reading a parasitics file which contains reduced annotations. (PARA-123)
Warning: Reduced annotation reading must be enabled before reading a parasitics file which contains reduced annotations. (PARA-123)
Warning: Reduced annotation reading must be enabled before reading a parasitics file which contains reduced annotations. (PARA-123)
Warning: Reduced annotation reading must be enabled before reading a parasitics file which contains reduced annotations. (PARA-123)
Warning: Reduced annotation reading must be enabled before reading a parasitics file which contains reduced annotations. (PARA-123)
Warning: Reduced annotation reading must be enabled before reading a parasitics file which contains reduced annotations. (PARA-123)
Warning: Reduced annotation reading must be enabled before reading a parasitics file which contains reduced annotations. (PARA-123)
Warning: Reduced annotation reading must be enabled before reading a parasitics file which contains reduced annotations. (PARA-123)
Warning: Reduced annotation reading must be enabled before reading a parasitics file which contains reduced annotations. (PARA-123)
Warning: Reduced annotation reading must be enabled before reading a parasitics file which contains reduced annotations. (PARA-123)
Warning: Reduced annotation reading must be enabled before reading a parasitics file which contains reduced annotations. (PARA-123)
Warning: Reduced annotation reading must be enabled before reading a parasitics file which contains reduced annotations. (PARA-123)
Warning: Reduced annotation reading must be enabled before reading a parasitics file which contains reduced annotations. (PARA-123)
Warning: Reduced annotation reading must be enabled before reading a parasitics file which contains reduced annotations. (PARA-123)
Warning: Reduced annotation reading must be enabled before reading a parasitics file which contains reduced annotations. (PARA-123)
Warning: Reduced annotation reading must be enabled before reading a parasitics file which contains reduced annotations. (PARA-123)
Warning: Reduced annotation reading must be enabled before reading a parasitics file which contains reduced annotations. (PARA-123)
Warning: Reduced annotation reading must be enabled before reading a parasitics file which contains reduced annotations. (PARA-123)
Warning: Reduced annotation reading must be enabled before reading a parasitics file which contains reduced annotations. (PARA-123)
Warning: Reduced annotation reading must be enabled before reading a parasitics file which contains reduced annotations. (PARA-123)
Warning: Reduced annotation reading must be enabled before reading a parasitics file which contains reduced annotations. (PARA-123)
Warning: Reduced annotation reading must be enabled before reading a parasitics file which contains reduced annotations. (PARA-123)
Warning: Reduced annotation reading must be enabled before reading a parasitics file which contains reduced annotations. (PARA-123)
Warning: Reduced annotation reading must be enabled before reading a parasitics file which contains reduced annotations. (PARA-123)
Warning: Reduced annotation reading must be enabled before reading a parasitics file which contains reduced annotations. (PARA-123)
Warning: Reduced annotation reading must be enabled before reading a parasitics file which contains reduced annotations. (PARA-123)
Warning: Reduced annotation reading must be enabled before reading a parasitics file which contains reduced annotations. (PARA-123)
Warning: Reduced annotation reading must be enabled before reading a parasitics file which contains reduced annotations. (PARA-123)
Warning: Reduced annotation reading must be enabled before reading a parasitics file which contains reduced annotations. (PARA-123)
Warning: Reduced annotation reading must be enabled before reading a parasitics file which contains reduced annotations. (PARA-123)
Warning: Reduced annotation reading must be enabled before reading a parasitics file which contains reduced annotations. (PARA-123)
Warning: Reduced annotation reading must be enabled before reading a parasitics file which contains reduced annotations. (PARA-123)
Warning: Reduced annotation reading must be enabled before reading a parasitics file which contains reduced annotations. (PARA-123)
Warning: Reduced annotation reading must be enabled before reading a parasitics file which contains reduced annotations. (PARA-123)
Warning: Reduced annotation reading must be enabled before reading a parasitics file which contains reduced annotations. (PARA-123)
Warning: Reduced annotation reading must be enabled before reading a parasitics file which contains reduced annotations. (PARA-123)
Warning: Reduced annotation reading must be enabled before reading a parasitics file which contains reduced annotations. (PARA-123)
Warning: Reduced annotation reading must be enabled before reading a parasitics file which contains reduced annotations. (PARA-123)
Warning: Reduced annotation reading must be enabled before reading a parasitics file which contains reduced annotations. (PARA-123)
Warning: Reduced annotation reading must be enabled before reading a parasitics file which contains reduced annotations. (PARA-123)
Warning: Reduced annotation reading must be enabled before reading a parasitics file which contains reduced annotations. (PARA-123)
Warning: Reduced annotation reading must be enabled before reading a parasitics file which contains reduced annotations. (PARA-123)
Warning: Reduced annotation reading must be enabled before reading a parasitics file which contains reduced annotations. (PARA-123)
Warning: Reduced annotation reading must be enabled before reading a parasitics file which contains reduced annotations. (PARA-123)
Warning: Reduced annotation reading must be enabled before reading a parasitics file which contains reduced annotations. (PARA-123)
Warning: Reduced annotation reading must be enabled before reading a parasitics file which contains reduced annotations. (PARA-123)
Warning: Reduced annotation reading must be enabled before reading a parasitics file which contains reduced annotations. (PARA-123)
Warning: Reduced annotation reading must be enabled before reading a parasitics file which contains reduced annotations. (PARA-123)
Warning: Reduced annotation reading must be enabled before reading a parasitics file which contains reduced annotations. (PARA-123)
Warning: Reduced annotation reading must be enabled before reading a parasitics file which contains reduced annotations. (PARA-123)
Warning: Reduced annotation reading must be enabled before reading a parasitics file which contains reduced annotations. (PARA-123)
Warning: Reduced annotation reading must be enabled before reading a parasitics file which contains reduced annotations. (PARA-123)
Warning: Reduced annotation reading must be enabled before reading a parasitics file which contains reduced annotations. (PARA-123)
Warning: Reduced annotation reading must be enabled before reading a parasitics file which contains reduced annotations. (PARA-123)
Warning: Reduced annotation reading must be enabled before reading a parasitics file which contains reduced annotations. (PARA-123)
Warning: Reduced annotation reading must be enabled before reading a parasitics file which contains reduced annotations. (PARA-123)
Warning: Reduced annotation reading must be enabled before reading a parasitics file which contains reduced annotations. (PARA-123)
Warning: Reduced annotation reading must be enabled before reading a parasitics file which contains reduced annotations. (PARA-123)
Warning: Reduced annotation reading must be enabled before reading a parasitics file which contains reduced annotations. (PARA-123)
Warning: Reduced annotation reading must be enabled before reading a parasitics file which contains reduced annotations. (PARA-123)
Warning: Reduced annotation reading must be enabled before reading a parasitics file which contains reduced annotations. (PARA-123)
Warning: Reduced annotation reading must be enabled before reading a parasitics file which contains reduced annotations. (PARA-123)
Warning: Reduced annotation reading must be enabled before reading a parasitics file which contains reduced annotations. (PARA-123)
Warning: Reduced annotation reading must be enabled before reading a parasitics file which contains reduced annotations. (PARA-123)
Warning: Reduced annotation reading must be enabled before reading a parasitics file which contains reduced annotations. (PARA-123)
Warning: Reduced annotation reading must be enabled before reading a parasitics file which contains reduced annotations. (PARA-123)
Warning: Reduced annotation reading must be enabled before reading a parasitics file which contains reduced annotations. (PARA-123)
Warning: Reduced annotation reading must be enabled before reading a parasitics file which contains reduced annotations. (PARA-123)
Warning: Reduced annotation reading must be enabled before reading a parasitics file which contains reduced annotations. (PARA-123)
Warning: Reduced annotation reading must be enabled before reading a parasitics file which contains reduced annotations. (PARA-123)
Warning: Reduced annotation reading must be enabled before reading a parasitics file which contains reduced annotations. (PARA-123)
Warning: Reduced annotation reading must be enabled before reading a parasitics file which contains reduced annotations. (PARA-123)
Warning: Reduced annotation reading must be enabled before reading a parasitics file which contains reduced annotations. (PARA-123)
Warning: Reduced annotation reading must be enabled before reading a parasitics file which contains reduced annotations. (PARA-123)
Warning: Reduced annotation reading must be enabled before reading a parasitics file which contains reduced annotations. (PARA-123)
Warning: Reduced annotation reading must be enabled before reading a parasitics file which contains reduced annotations. (PARA-123)
Warning: Reduced annotation reading must be enabled before reading a parasitics file which contains reduced annotations. (PARA-123)
Warning: Reduced annotation reading must be enabled before reading a parasitics file which contains reduced annotations. (PARA-123)
Warning: Reduced annotation reading must be enabled before reading a parasitics file which contains reduced annotations. (PARA-123)
Warning: Reduced annotation reading must be enabled before reading a parasitics file which contains reduced annotations. (PARA-123)
Warning: Reduced annotation reading must be enabled before reading a parasitics file which contains reduced annotations. (PARA-123)
Warning: Reduced annotation reading must be enabled before reading a parasitics file which contains reduced annotations. (PARA-123)
Warning: Reduced annotation reading must be enabled before reading a parasitics file which contains reduced annotations. (PARA-123)
Warning: Reduced annotation reading must be enabled before reading a parasitics file which contains reduced annotations. (PARA-123)
Warning: Reduced annotation reading must be enabled before reading a parasitics file which contains reduced annotations. (PARA-123)
Warning: Reduced annotation reading must be enabled before reading a parasitics file which contains reduced annotations. (PARA-123)
Warning: Reduced annotation reading must be enabled before reading a parasitics file which contains reduced annotations. (PARA-123)
Warning: Reduced annotation reading must be enabled before reading a parasitics file which contains reduced annotations. (PARA-123)
Warning: Reduced annotation reading must be enabled before reading a parasitics file which contains reduced annotations. (PARA-123)
Warning: Reduced annotation reading must be enabled before reading a parasitics file which contains reduced annotations. (PARA-123)
Warning: Reduced annotation reading must be enabled before reading a parasitics file which contains reduced annotations. (PARA-123)
Warning: Reduced annotation reading must be enabled before reading a parasitics file which contains reduced annotations. (PARA-123)
Warning: Reduced annotation reading must be enabled before reading a parasitics file which contains reduced annotations. (PARA-123)
Warning: Reduced annotation reading must be enabled before reading a parasitics file which contains reduced annotations. (PARA-123)
Warning: Reduced annotation reading must be enabled before reading a parasitics file which contains reduced annotations. (PARA-123)
Warning: Reduced annotation reading must be enabled before reading a parasitics file which contains reduced annotations. (PARA-123)
Warning: Reduced annotation reading must be enabled before reading a parasitics file which contains reduced annotations. (PARA-123)
Warning: Reduced annotation reading must be enabled before reading a parasitics file which contains reduced annotations. (PARA-123)
Note - message 'PARA-123' default limit (100) exceeded.  Remainder will be suppressed.

****************************************
Report : read_parasitics /home/goldman/NVDLA_repo/hardware_framework/MAC/saved/mac_unit/mac_unit_postsyn.spef
Design : mac_unit
Version: L-2016.06-SP3-1
Date   : Mon Jul  9 13:04:55 2018
****************************************

        0 error(s)
        Format is SPEF
        Annotated nets                   :            0
        Annotated capacitances           :            0
        Annotated resistances            :            0
        Reduced coupling capacitances    :            0
        Annotated PI models              :            0
        Annotated Elmore delays          :            0

