command: cd vmod/nvdla/pdp;make PROJECT=nv_small 
../../../tools/bin/vcp -i NV_NVDLA_PDP_CORE_cal2d.v -o ../../../outdir/nv_small/vmod/nvdla/pdp/NV_NVDLA_PDP_CORE_cal2d.v.vcp -imacros ../../../outdir/nv_small/spec/defs/project.h -inc /home/ignacio/Desktop/NVDLA_repo/NVDLA_repo/hardware_framework/NVDLA/hw/vmod/include -inc ../../../outdir/nv_small/spec/manual -cpp /usr/bin/cpp
/usr/bin/perl -I ../../../vmod/plugins -Meperl ../../../tools/bin/eperl -o ../../../outdir/nv_small/vmod/nvdla/pdp/NV_NVDLA_PDP_CORE_cal2d.v ../../../outdir/nv_small/vmod/nvdla/pdp/NV_NVDLA_PDP_CORE_cal2d.v.vcp 
../../../tools/bin/vcp -i NV_NVDLA_PDP_CORE_cal1d.v -o ../../../outdir/nv_small/vmod/nvdla/pdp/NV_NVDLA_PDP_CORE_cal1d.v.vcp -imacros ../../../outdir/nv_small/spec/defs/project.h -inc /home/ignacio/Desktop/NVDLA_repo/NVDLA_repo/hardware_framework/NVDLA/hw/vmod/include -inc ../../../outdir/nv_small/spec/manual -cpp /usr/bin/cpp
/usr/bin/perl -I ../../../vmod/plugins -Meperl ../../../tools/bin/eperl -o ../../../outdir/nv_small/vmod/nvdla/pdp/NV_NVDLA_PDP_CORE_cal1d.v ../../../outdir/nv_small/vmod/nvdla/pdp/NV_NVDLA_PDP_CORE_cal1d.v.vcp 
../../../tools/bin/vcp -i NV_NVDLA_PDP_RDMA_eg.v -o ../../../outdir/nv_small/vmod/nvdla/pdp/NV_NVDLA_PDP_RDMA_eg.v.vcp -imacros ../../../outdir/nv_small/spec/defs/project.h -inc /home/ignacio/Desktop/NVDLA_repo/NVDLA_repo/hardware_framework/NVDLA/hw/vmod/include -inc ../../../outdir/nv_small/spec/manual -cpp /usr/bin/cpp
/usr/bin/perl -I ../../../vmod/plugins -Meperl ../../../tools/bin/eperl -o ../../../outdir/nv_small/vmod/nvdla/pdp/NV_NVDLA_PDP_RDMA_eg.v ../../../outdir/nv_small/vmod/nvdla/pdp/NV_NVDLA_PDP_RDMA_eg.v.vcp 
../../../tools/bin/vcp -i NV_NVDLA_PDP_CORE_preproc.v -o ../../../outdir/nv_small/vmod/nvdla/pdp/NV_NVDLA_PDP_CORE_preproc.v.vcp -imacros ../../../outdir/nv_small/spec/defs/project.h -inc /home/ignacio/Desktop/NVDLA_repo/NVDLA_repo/hardware_framework/NVDLA/hw/vmod/include -inc ../../../outdir/nv_small/spec/manual -cpp /usr/bin/cpp
/usr/bin/perl -I ../../../vmod/plugins -Meperl ../../../tools/bin/eperl -o ../../../outdir/nv_small/vmod/nvdla/pdp/NV_NVDLA_PDP_CORE_preproc.v ../../../outdir/nv_small/vmod/nvdla/pdp/NV_NVDLA_PDP_CORE_preproc.v.vcp 
../../../tools/bin/vcp -i NV_NVDLA_PDP_RDMA_cq.v -o ../../../outdir/nv_small/vmod/nvdla/pdp/NV_NVDLA_PDP_RDMA_cq.v.vcp -imacros ../../../outdir/nv_small/spec/defs/project.h -inc /home/ignacio/Desktop/NVDLA_repo/NVDLA_repo/hardware_framework/NVDLA/hw/vmod/include -inc ../../../outdir/nv_small/spec/manual -cpp /usr/bin/cpp
/usr/bin/perl -I ../../../vmod/plugins -Meperl ../../../tools/bin/eperl -o ../../../outdir/nv_small/vmod/nvdla/pdp/NV_NVDLA_PDP_RDMA_cq.v ../../../outdir/nv_small/vmod/nvdla/pdp/NV_NVDLA_PDP_RDMA_cq.v.vcp 
../../../tools/bin/vcp -i NV_NVDLA_PDP_rdma.v -o ../../../outdir/nv_small/vmod/nvdla/pdp/NV_NVDLA_PDP_rdma.v.vcp -imacros ../../../outdir/nv_small/spec/defs/project.h -inc /home/ignacio/Desktop/NVDLA_repo/NVDLA_repo/hardware_framework/NVDLA/hw/vmod/include -inc ../../../outdir/nv_small/spec/manual -cpp /usr/bin/cpp
/usr/bin/perl -I ../../../vmod/plugins -Meperl ../../../tools/bin/eperl -o ../../../outdir/nv_small/vmod/nvdla/pdp/NV_NVDLA_PDP_rdma.v ../../../outdir/nv_small/vmod/nvdla/pdp/NV_NVDLA_PDP_rdma.v.vcp 
../../../tools/bin/vcp -i NV_NVDLA_PDP_RDMA_REG_single.v -o ../../../outdir/nv_small/vmod/nvdla/pdp/NV_NVDLA_PDP_RDMA_REG_single.v.vcp -imacros ../../../outdir/nv_small/spec/defs/project.h -inc /home/ignacio/Desktop/NVDLA_repo/NVDLA_repo/hardware_framework/NVDLA/hw/vmod/include -inc ../../../outdir/nv_small/spec/manual -cpp /usr/bin/cpp
/usr/bin/perl -I ../../../vmod/plugins -Meperl ../../../tools/bin/eperl -o ../../../outdir/nv_small/vmod/nvdla/pdp/NV_NVDLA_PDP_RDMA_REG_single.v ../../../outdir/nv_small/vmod/nvdla/pdp/NV_NVDLA_PDP_RDMA_REG_single.v.vcp 
../../../tools/bin/vcp -i NV_NVDLA_PDP_nan.v -o ../../../outdir/nv_small/vmod/nvdla/pdp/NV_NVDLA_PDP_nan.v.vcp -imacros ../../../outdir/nv_small/spec/defs/project.h -inc /home/ignacio/Desktop/NVDLA_repo/NVDLA_repo/hardware_framework/NVDLA/hw/vmod/include -inc ../../../outdir/nv_small/spec/manual -cpp /usr/bin/cpp
/usr/bin/perl -I ../../../vmod/plugins -Meperl ../../../tools/bin/eperl -o ../../../outdir/nv_small/vmod/nvdla/pdp/NV_NVDLA_PDP_nan.v ../../../outdir/nv_small/vmod/nvdla/pdp/NV_NVDLA_PDP_nan.v.vcp 
../../../tools/bin/vcp -i NV_NVDLA_PDP_reg.v -o ../../../outdir/nv_small/vmod/nvdla/pdp/NV_NVDLA_PDP_reg.v.vcp -imacros ../../../outdir/nv_small/spec/defs/project.h -inc /home/ignacio/Desktop/NVDLA_repo/NVDLA_repo/hardware_framework/NVDLA/hw/vmod/include -inc ../../../outdir/nv_small/spec/manual -cpp /usr/bin/cpp
/usr/bin/perl -I ../../../vmod/plugins -Meperl ../../../tools/bin/eperl -o ../../../outdir/nv_small/vmod/nvdla/pdp/NV_NVDLA_PDP_reg.v ../../../outdir/nv_small/vmod/nvdla/pdp/NV_NVDLA_PDP_reg.v.vcp 
../../../tools/bin/vcp -i NV_NVDLA_PDP_core.v -o ../../../outdir/nv_small/vmod/nvdla/pdp/NV_NVDLA_PDP_core.v.vcp -imacros ../../../outdir/nv_small/spec/defs/project.h -inc /home/ignacio/Desktop/NVDLA_repo/NVDLA_repo/hardware_framework/NVDLA/hw/vmod/include -inc ../../../outdir/nv_small/spec/manual -cpp /usr/bin/cpp
/usr/bin/perl -I ../../../vmod/plugins -Meperl ../../../tools/bin/eperl -o ../../../outdir/nv_small/vmod/nvdla/pdp/NV_NVDLA_PDP_core.v ../../../outdir/nv_small/vmod/nvdla/pdp/NV_NVDLA_PDP_core.v.vcp 
../../../tools/bin/vcp -i NV_NVDLA_PDP_RDMA_REG_dual.v -o ../../../outdir/nv_small/vmod/nvdla/pdp/NV_NVDLA_PDP_RDMA_REG_dual.v.vcp -imacros ../../../outdir/nv_small/spec/defs/project.h -inc /home/ignacio/Desktop/NVDLA_repo/NVDLA_repo/hardware_framework/NVDLA/hw/vmod/include -inc ../../../outdir/nv_small/spec/manual -cpp /usr/bin/cpp
/usr/bin/perl -I ../../../vmod/plugins -Meperl ../../../tools/bin/eperl -o ../../../outdir/nv_small/vmod/nvdla/pdp/NV_NVDLA_PDP_RDMA_REG_dual.v ../../../outdir/nv_small/vmod/nvdla/pdp/NV_NVDLA_PDP_RDMA_REG_dual.v.vcp 
../../../tools/bin/vcp -i NV_NVDLA_PDP_slcg.v -o ../../../outdir/nv_small/vmod/nvdla/pdp/NV_NVDLA_PDP_slcg.v.vcp -imacros ../../../outdir/nv_small/spec/defs/project.h -inc /home/ignacio/Desktop/NVDLA_repo/NVDLA_repo/hardware_framework/NVDLA/hw/vmod/include -inc ../../../outdir/nv_small/spec/manual -cpp /usr/bin/cpp
/usr/bin/perl -I ../../../vmod/plugins -Meperl ../../../tools/bin/eperl -o ../../../outdir/nv_small/vmod/nvdla/pdp/NV_NVDLA_PDP_slcg.v ../../../outdir/nv_small/vmod/nvdla/pdp/NV_NVDLA_PDP_slcg.v.vcp 
../../../tools/bin/vcp -i cal1d_fp16_pool_sum.v -o ../../../outdir/nv_small/vmod/nvdla/pdp/cal1d_fp16_pool_sum.v.vcp -imacros ../../../outdir/nv_small/spec/defs/project.h -inc /home/ignacio/Desktop/NVDLA_repo/NVDLA_repo/hardware_framework/NVDLA/hw/vmod/include -inc ../../../outdir/nv_small/spec/manual -cpp /usr/bin/cpp
/usr/bin/perl -I ../../../vmod/plugins -Meperl ../../../tools/bin/eperl -o ../../../outdir/nv_small/vmod/nvdla/pdp/cal1d_fp16_pool_sum.v ../../../outdir/nv_small/vmod/nvdla/pdp/cal1d_fp16_pool_sum.v.vcp 
../../../tools/bin/vcp -i NV_NVDLA_PDP_wdma.v -o ../../../outdir/nv_small/vmod/nvdla/pdp/NV_NVDLA_PDP_wdma.v.vcp -imacros ../../../outdir/nv_small/spec/defs/project.h -inc /home/ignacio/Desktop/NVDLA_repo/NVDLA_repo/hardware_framework/NVDLA/hw/vmod/include -inc ../../../outdir/nv_small/spec/manual -cpp /usr/bin/cpp
/usr/bin/perl -I ../../../vmod/plugins -Meperl ../../../tools/bin/eperl -o ../../../outdir/nv_small/vmod/nvdla/pdp/NV_NVDLA_PDP_wdma.v ../../../outdir/nv_small/vmod/nvdla/pdp/NV_NVDLA_PDP_wdma.v.vcp 
../../../tools/bin/vcp -i NV_NVDLA_PDP_CORE_unit1d.v -o ../../../outdir/nv_small/vmod/nvdla/pdp/NV_NVDLA_PDP_CORE_unit1d.v.vcp -imacros ../../../outdir/nv_small/spec/defs/project.h -inc /home/ignacio/Desktop/NVDLA_repo/NVDLA_repo/hardware_framework/NVDLA/hw/vmod/include -inc ../../../outdir/nv_small/spec/manual -cpp /usr/bin/cpp
/usr/bin/perl -I ../../../vmod/plugins -Meperl ../../../tools/bin/eperl -o ../../../outdir/nv_small/vmod/nvdla/pdp/NV_NVDLA_PDP_CORE_unit1d.v ../../../outdir/nv_small/vmod/nvdla/pdp/NV_NVDLA_PDP_CORE_unit1d.v.vcp 
../../../tools/bin/vcp -i NV_NVDLA_PDP_WDMA_dat.v -o ../../../outdir/nv_small/vmod/nvdla/pdp/NV_NVDLA_PDP_WDMA_dat.v.vcp -imacros ../../../outdir/nv_small/spec/defs/project.h -inc /home/ignacio/Desktop/NVDLA_repo/NVDLA_repo/hardware_framework/NVDLA/hw/vmod/include -inc ../../../outdir/nv_small/spec/manual -cpp /usr/bin/cpp
/usr/bin/perl -I ../../../vmod/plugins -Meperl ../../../tools/bin/eperl -o ../../../outdir/nv_small/vmod/nvdla/pdp/NV_NVDLA_PDP_WDMA_dat.v ../../../outdir/nv_small/vmod/nvdla/pdp/NV_NVDLA_PDP_WDMA_dat.v.vcp 
../../../tools/bin/vcp -i NV_NVDLA_PDP_RDMA_reg.v -o ../../../outdir/nv_small/vmod/nvdla/pdp/NV_NVDLA_PDP_RDMA_reg.v.vcp -imacros ../../../outdir/nv_small/spec/defs/project.h -inc /home/ignacio/Desktop/NVDLA_repo/NVDLA_repo/hardware_framework/NVDLA/hw/vmod/include -inc ../../../outdir/nv_small/spec/manual -cpp /usr/bin/cpp
/usr/bin/perl -I ../../../vmod/plugins -Meperl ../../../tools/bin/eperl -o ../../../outdir/nv_small/vmod/nvdla/pdp/NV_NVDLA_PDP_RDMA_reg.v ../../../outdir/nv_small/vmod/nvdla/pdp/NV_NVDLA_PDP_RDMA_reg.v.vcp 
../../../tools/bin/vcp -i NV_NVDLA_pdp.v -o ../../../outdir/nv_small/vmod/nvdla/pdp/NV_NVDLA_pdp.v.vcp -imacros ../../../outdir/nv_small/spec/defs/project.h -inc /home/ignacio/Desktop/NVDLA_repo/NVDLA_repo/hardware_framework/NVDLA/hw/vmod/include -inc ../../../outdir/nv_small/spec/manual -cpp /usr/bin/cpp
/usr/bin/perl -I ../../../vmod/plugins -Meperl ../../../tools/bin/eperl -o ../../../outdir/nv_small/vmod/nvdla/pdp/NV_NVDLA_pdp.v ../../../outdir/nv_small/vmod/nvdla/pdp/NV_NVDLA_pdp.v.vcp 
../../../tools/bin/vcp -i NV_NVDLA_PDP_WDMA_cmd.v -o ../../../outdir/nv_small/vmod/nvdla/pdp/NV_NVDLA_PDP_WDMA_cmd.v.vcp -imacros ../../../outdir/nv_small/spec/defs/project.h -inc /home/ignacio/Desktop/NVDLA_repo/NVDLA_repo/hardware_framework/NVDLA/hw/vmod/include -inc ../../../outdir/nv_small/spec/manual -cpp /usr/bin/cpp
/usr/bin/perl -I ../../../vmod/plugins -Meperl ../../../tools/bin/eperl -o ../../../outdir/nv_small/vmod/nvdla/pdp/NV_NVDLA_PDP_WDMA_cmd.v ../../../outdir/nv_small/vmod/nvdla/pdp/NV_NVDLA_PDP_WDMA_cmd.v.vcp 
../../../tools/bin/vcp -i NV_NVDLA_PDP_RDMA_ig.v -o ../../../outdir/nv_small/vmod/nvdla/pdp/NV_NVDLA_PDP_RDMA_ig.v.vcp -imacros ../../../outdir/nv_small/spec/defs/project.h -inc /home/ignacio/Desktop/NVDLA_repo/NVDLA_repo/hardware_framework/NVDLA/hw/vmod/include -inc ../../../outdir/nv_small/spec/manual -cpp /usr/bin/cpp
/usr/bin/perl -I ../../../vmod/plugins -Meperl ../../../tools/bin/eperl -o ../../../outdir/nv_small/vmod/nvdla/pdp/NV_NVDLA_PDP_RDMA_ig.v ../../../outdir/nv_small/vmod/nvdla/pdp/NV_NVDLA_PDP_RDMA_ig.v.vcp 
../../../tools/bin/vcp -i NV_NVDLA_PDP_REG_dual.v -o ../../../outdir/nv_small/vmod/nvdla/pdp/NV_NVDLA_PDP_REG_dual.v.vcp -imacros ../../../outdir/nv_small/spec/defs/project.h -inc /home/ignacio/Desktop/NVDLA_repo/NVDLA_repo/hardware_framework/NVDLA/hw/vmod/include -inc ../../../outdir/nv_small/spec/manual -cpp /usr/bin/cpp
/usr/bin/perl -I ../../../vmod/plugins -Meperl ../../../tools/bin/eperl -o ../../../outdir/nv_small/vmod/nvdla/pdp/NV_NVDLA_PDP_REG_dual.v ../../../outdir/nv_small/vmod/nvdla/pdp/NV_NVDLA_PDP_REG_dual.v.vcp 
../../../tools/bin/vcp -i NV_NVDLA_PDP_REG_single.v -o ../../../outdir/nv_small/vmod/nvdla/pdp/NV_NVDLA_PDP_REG_single.v.vcp -imacros ../../../outdir/nv_small/spec/defs/project.h -inc /home/ignacio/Desktop/NVDLA_repo/NVDLA_repo/hardware_framework/NVDLA/hw/vmod/include -inc ../../../outdir/nv_small/spec/manual -cpp /usr/bin/cpp
/usr/bin/perl -I ../../../vmod/plugins -Meperl ../../../tools/bin/eperl -o ../../../outdir/nv_small/vmod/nvdla/pdp/NV_NVDLA_PDP_REG_single.v ../../../outdir/nv_small/vmod/nvdla/pdp/NV_NVDLA_PDP_REG_single.v.vcp 
../../../tools/bin/vcp -i fp16_4add.v -o ../../../outdir/nv_small/vmod/nvdla/pdp/fp16_4add.v.vcp -imacros ../../../outdir/nv_small/spec/defs/project.h -inc /home/ignacio/Desktop/NVDLA_repo/NVDLA_repo/hardware_framework/NVDLA/hw/vmod/include -inc ../../../outdir/nv_small/spec/manual -cpp /usr/bin/cpp
/usr/bin/perl -I ../../../vmod/plugins -Meperl ../../../tools/bin/eperl -o ../../../outdir/nv_small/vmod/nvdla/pdp/fp16_4add.v ../../../outdir/nv_small/vmod/nvdla/pdp/fp16_4add.v.vcp 
==============================================
files are generated under /home/ignacio/Desktop/NVDLA_repo/NVDLA_repo/hardware_framework/NVDLA/hw/outdir/nv_small/vmod/nvdla/pdp
==============================================
Processing NV_NVDLA_PDP_CORE_cal2d.v into ../../../outdir/nv_small/vmod/nvdla/pdp/NV_NVDLA_PDP_CORE_cal2d.v.vcp
../../../outdir/nv_small/vmod/nvdla/pdp/NV_NVDLA_PDP_CORE_cal2d.v.vcp successfully written
eperl: ../../../outdir/nv_small/vmod/nvdla/pdp/NV_NVDLA_PDP_CORE_cal2d.v modified.
Processing NV_NVDLA_PDP_CORE_cal1d.v into ../../../outdir/nv_small/vmod/nvdla/pdp/NV_NVDLA_PDP_CORE_cal1d.v.vcp
../../../outdir/nv_small/vmod/nvdla/pdp/NV_NVDLA_PDP_CORE_cal1d.v.vcp successfully written
eperl: ../../../outdir/nv_small/vmod/nvdla/pdp/NV_NVDLA_PDP_CORE_cal1d.v modified.
Processing NV_NVDLA_PDP_RDMA_eg.v into ../../../outdir/nv_small/vmod/nvdla/pdp/NV_NVDLA_PDP_RDMA_eg.v.vcp
../../../outdir/nv_small/vmod/nvdla/pdp/NV_NVDLA_PDP_RDMA_eg.v.vcp successfully written
eperl: ../../../outdir/nv_small/vmod/nvdla/pdp/NV_NVDLA_PDP_RDMA_eg.v modified.
Processing NV_NVDLA_PDP_CORE_preproc.v into ../../../outdir/nv_small/vmod/nvdla/pdp/NV_NVDLA_PDP_CORE_preproc.v.vcp
../../../outdir/nv_small/vmod/nvdla/pdp/NV_NVDLA_PDP_CORE_preproc.v.vcp successfully written
eperl: ../../../outdir/nv_small/vmod/nvdla/pdp/NV_NVDLA_PDP_CORE_preproc.v modified.
Processing NV_NVDLA_PDP_RDMA_cq.v into ../../../outdir/nv_small/vmod/nvdla/pdp/NV_NVDLA_PDP_RDMA_cq.v.vcp
../../../outdir/nv_small/vmod/nvdla/pdp/NV_NVDLA_PDP_RDMA_cq.v.vcp successfully written
eperl: ../../../outdir/nv_small/vmod/nvdla/pdp/NV_NVDLA_PDP_RDMA_cq.v modified.
Processing NV_NVDLA_PDP_rdma.v into ../../../outdir/nv_small/vmod/nvdla/pdp/NV_NVDLA_PDP_rdma.v.vcp
../../../outdir/nv_small/vmod/nvdla/pdp/NV_NVDLA_PDP_rdma.v.vcp successfully written
eperl: ../../../outdir/nv_small/vmod/nvdla/pdp/NV_NVDLA_PDP_rdma.v modified.
Processing NV_NVDLA_PDP_RDMA_REG_single.v into ../../../outdir/nv_small/vmod/nvdla/pdp/NV_NVDLA_PDP_RDMA_REG_single.v.vcp
../../../outdir/nv_small/vmod/nvdla/pdp/NV_NVDLA_PDP_RDMA_REG_single.v.vcp successfully written
eperl: ../../../outdir/nv_small/vmod/nvdla/pdp/NV_NVDLA_PDP_RDMA_REG_single.v modified.
Processing NV_NVDLA_PDP_nan.v into ../../../outdir/nv_small/vmod/nvdla/pdp/NV_NVDLA_PDP_nan.v.vcp
../../../outdir/nv_small/vmod/nvdla/pdp/NV_NVDLA_PDP_nan.v.vcp successfully written
eperl: ../../../outdir/nv_small/vmod/nvdla/pdp/NV_NVDLA_PDP_nan.v modified.
Processing NV_NVDLA_PDP_reg.v into ../../../outdir/nv_small/vmod/nvdla/pdp/NV_NVDLA_PDP_reg.v.vcp
../../../outdir/nv_small/vmod/nvdla/pdp/NV_NVDLA_PDP_reg.v.vcp successfully written
eperl: ../../../outdir/nv_small/vmod/nvdla/pdp/NV_NVDLA_PDP_reg.v modified.
Processing NV_NVDLA_PDP_core.v into ../../../outdir/nv_small/vmod/nvdla/pdp/NV_NVDLA_PDP_core.v.vcp
../../../outdir/nv_small/vmod/nvdla/pdp/NV_NVDLA_PDP_core.v.vcp successfully written
eperl: ../../../outdir/nv_small/vmod/nvdla/pdp/NV_NVDLA_PDP_core.v modified.
Processing NV_NVDLA_PDP_RDMA_REG_dual.v into ../../../outdir/nv_small/vmod/nvdla/pdp/NV_NVDLA_PDP_RDMA_REG_dual.v.vcp
../../../outdir/nv_small/vmod/nvdla/pdp/NV_NVDLA_PDP_RDMA_REG_dual.v.vcp successfully written
eperl: ../../../outdir/nv_small/vmod/nvdla/pdp/NV_NVDLA_PDP_RDMA_REG_dual.v modified.
Processing NV_NVDLA_PDP_slcg.v into ../../../outdir/nv_small/vmod/nvdla/pdp/NV_NVDLA_PDP_slcg.v.vcp
../../../outdir/nv_small/vmod/nvdla/pdp/NV_NVDLA_PDP_slcg.v.vcp successfully written
eperl: ../../../outdir/nv_small/vmod/nvdla/pdp/NV_NVDLA_PDP_slcg.v modified.
Processing cal1d_fp16_pool_sum.v into ../../../outdir/nv_small/vmod/nvdla/pdp/cal1d_fp16_pool_sum.v.vcp
../../../outdir/nv_small/vmod/nvdla/pdp/cal1d_fp16_pool_sum.v.vcp successfully written
eperl: ../../../outdir/nv_small/vmod/nvdla/pdp/cal1d_fp16_pool_sum.v modified.
Processing NV_NVDLA_PDP_wdma.v into ../../../outdir/nv_small/vmod/nvdla/pdp/NV_NVDLA_PDP_wdma.v.vcp
../../../outdir/nv_small/vmod/nvdla/pdp/NV_NVDLA_PDP_wdma.v.vcp successfully written
eperl: ../../../outdir/nv_small/vmod/nvdla/pdp/NV_NVDLA_PDP_wdma.v modified.
Processing NV_NVDLA_PDP_CORE_unit1d.v into ../../../outdir/nv_small/vmod/nvdla/pdp/NV_NVDLA_PDP_CORE_unit1d.v.vcp
../../../outdir/nv_small/vmod/nvdla/pdp/NV_NVDLA_PDP_CORE_unit1d.v.vcp successfully written
eperl: ../../../outdir/nv_small/vmod/nvdla/pdp/NV_NVDLA_PDP_CORE_unit1d.v modified.
Processing NV_NVDLA_PDP_WDMA_dat.v into ../../../outdir/nv_small/vmod/nvdla/pdp/NV_NVDLA_PDP_WDMA_dat.v.vcp
../../../outdir/nv_small/vmod/nvdla/pdp/NV_NVDLA_PDP_WDMA_dat.v.vcp successfully written
eperl: ../../../outdir/nv_small/vmod/nvdla/pdp/NV_NVDLA_PDP_WDMA_dat.v modified.
Processing NV_NVDLA_PDP_RDMA_reg.v into ../../../outdir/nv_small/vmod/nvdla/pdp/NV_NVDLA_PDP_RDMA_reg.v.vcp
../../../outdir/nv_small/vmod/nvdla/pdp/NV_NVDLA_PDP_RDMA_reg.v.vcp successfully written
eperl: ../../../outdir/nv_small/vmod/nvdla/pdp/NV_NVDLA_PDP_RDMA_reg.v modified.
Processing NV_NVDLA_pdp.v into ../../../outdir/nv_small/vmod/nvdla/pdp/NV_NVDLA_pdp.v.vcp
../../../outdir/nv_small/vmod/nvdla/pdp/NV_NVDLA_pdp.v.vcp successfully written
eperl: ../../../outdir/nv_small/vmod/nvdla/pdp/NV_NVDLA_pdp.v modified.
Processing NV_NVDLA_PDP_WDMA_cmd.v into ../../../outdir/nv_small/vmod/nvdla/pdp/NV_NVDLA_PDP_WDMA_cmd.v.vcp
../../../outdir/nv_small/vmod/nvdla/pdp/NV_NVDLA_PDP_WDMA_cmd.v.vcp successfully written
eperl: ../../../outdir/nv_small/vmod/nvdla/pdp/NV_NVDLA_PDP_WDMA_cmd.v modified.
Processing NV_NVDLA_PDP_RDMA_ig.v into ../../../outdir/nv_small/vmod/nvdla/pdp/NV_NVDLA_PDP_RDMA_ig.v.vcp
../../../outdir/nv_small/vmod/nvdla/pdp/NV_NVDLA_PDP_RDMA_ig.v.vcp successfully written
eperl: ../../../outdir/nv_small/vmod/nvdla/pdp/NV_NVDLA_PDP_RDMA_ig.v modified.
Processing NV_NVDLA_PDP_REG_dual.v into ../../../outdir/nv_small/vmod/nvdla/pdp/NV_NVDLA_PDP_REG_dual.v.vcp
../../../outdir/nv_small/vmod/nvdla/pdp/NV_NVDLA_PDP_REG_dual.v.vcp successfully written
eperl: ../../../outdir/nv_small/vmod/nvdla/pdp/NV_NVDLA_PDP_REG_dual.v modified.
Processing NV_NVDLA_PDP_REG_single.v into ../../../outdir/nv_small/vmod/nvdla/pdp/NV_NVDLA_PDP_REG_single.v.vcp
../../../outdir/nv_small/vmod/nvdla/pdp/NV_NVDLA_PDP_REG_single.v.vcp successfully written
eperl: ../../../outdir/nv_small/vmod/nvdla/pdp/NV_NVDLA_PDP_REG_single.v modified.
Processing fp16_4add.v into ../../../outdir/nv_small/vmod/nvdla/pdp/fp16_4add.v.vcp
../../../outdir/nv_small/vmod/nvdla/pdp/fp16_4add.v.vcp successfully written
eperl: ../../../outdir/nv_small/vmod/nvdla/pdp/fp16_4add.v modified.
