command: cd vmod/nvdla/nocif;make PROJECT=nv_small 
../../../tools/bin/vcp -i NV_NVDLA_NOCIF_DRAM_write.v -o ../../../outdir/nv_small/vmod/nvdla/nocif/NV_NVDLA_NOCIF_DRAM_write.v.vcp -imacros ../../../outdir/nv_small/spec/defs/project.h -inc /home/ignacio/Desktop/NVDLA_repo/NVDLA_repo/hardware_framework/NVDLA/hw/vmod/include -inc ../../../outdir/nv_small/spec/manual -cpp /usr/bin/cpp
/usr/bin/perl -I ../../../vmod/plugins -Meperl ../../../tools/bin/eperl -o ../../../outdir/nv_small/vmod/nvdla/nocif/NV_NVDLA_NOCIF_DRAM_write.v ../../../outdir/nv_small/vmod/nvdla/nocif/NV_NVDLA_NOCIF_DRAM_write.v.vcp 
../../../tools/bin/vcp -i NV_NVDLA_XXIF_libs.v -o ../../../outdir/nv_small/vmod/nvdla/nocif/NV_NVDLA_XXIF_libs.v.vcp -imacros ../../../outdir/nv_small/spec/defs/project.h -inc /home/ignacio/Desktop/NVDLA_repo/NVDLA_repo/hardware_framework/NVDLA/hw/vmod/include -inc ../../../outdir/nv_small/spec/manual -cpp /usr/bin/cpp
/usr/bin/perl -I ../../../vmod/plugins -Meperl ../../../tools/bin/eperl -o ../../../outdir/nv_small/vmod/nvdla/nocif/NV_NVDLA_XXIF_libs.v ../../../outdir/nv_small/vmod/nvdla/nocif/NV_NVDLA_XXIF_libs.v.vcp 
../../../tools/bin/vcp -i NV_NVDLA_NOCIF_DRAM_WRITE_IG_arb.v -o ../../../outdir/nv_small/vmod/nvdla/nocif/NV_NVDLA_NOCIF_DRAM_WRITE_IG_arb.v.vcp -imacros ../../../outdir/nv_small/spec/defs/project.h -inc /home/ignacio/Desktop/NVDLA_repo/NVDLA_repo/hardware_framework/NVDLA/hw/vmod/include -inc ../../../outdir/nv_small/spec/manual -cpp /usr/bin/cpp
/usr/bin/perl -I ../../../vmod/plugins -Meperl ../../../tools/bin/eperl -o ../../../outdir/nv_small/vmod/nvdla/nocif/NV_NVDLA_NOCIF_DRAM_WRITE_IG_arb.v ../../../outdir/nv_small/vmod/nvdla/nocif/NV_NVDLA_NOCIF_DRAM_WRITE_IG_arb.v.vcp 
../../../tools/bin/vcp -i NV_NVDLA_DMAIF_rdreq.v -o ../../../outdir/nv_small/vmod/nvdla/nocif/NV_NVDLA_DMAIF_rdreq.v.vcp -imacros ../../../outdir/nv_small/spec/defs/project.h -inc /home/ignacio/Desktop/NVDLA_repo/NVDLA_repo/hardware_framework/NVDLA/hw/vmod/include -inc ../../../outdir/nv_small/spec/manual -cpp /usr/bin/cpp
/usr/bin/perl -I ../../../vmod/plugins -Meperl ../../../tools/bin/eperl -o ../../../outdir/nv_small/vmod/nvdla/nocif/NV_NVDLA_DMAIF_rdreq.v ../../../outdir/nv_small/vmod/nvdla/nocif/NV_NVDLA_DMAIF_rdreq.v.vcp 
../../../tools/bin/vcp -i NV_NVDLA_NOCIF_dram.v -o ../../../outdir/nv_small/vmod/nvdla/nocif/NV_NVDLA_NOCIF_dram.v.vcp -imacros ../../../outdir/nv_small/spec/defs/project.h -inc /home/ignacio/Desktop/NVDLA_repo/NVDLA_repo/hardware_framework/NVDLA/hw/vmod/include -inc ../../../outdir/nv_small/spec/manual -cpp /usr/bin/cpp
/usr/bin/perl -I ../../../vmod/plugins -Meperl ../../../tools/bin/eperl -o ../../../outdir/nv_small/vmod/nvdla/nocif/NV_NVDLA_NOCIF_dram.v ../../../outdir/nv_small/vmod/nvdla/nocif/NV_NVDLA_NOCIF_dram.v.vcp 
../../../tools/bin/vcp -i NV_NVDLA_NOCIF_DRAM_WRITE_eg.v -o ../../../outdir/nv_small/vmod/nvdla/nocif/NV_NVDLA_NOCIF_DRAM_WRITE_eg.v.vcp -imacros ../../../outdir/nv_small/spec/defs/project.h -inc /home/ignacio/Desktop/NVDLA_repo/NVDLA_repo/hardware_framework/NVDLA/hw/vmod/include -inc ../../../outdir/nv_small/spec/manual -cpp /usr/bin/cpp
/usr/bin/perl -I ../../../vmod/plugins -Meperl ../../../tools/bin/eperl -o ../../../outdir/nv_small/vmod/nvdla/nocif/NV_NVDLA_NOCIF_DRAM_WRITE_eg.v ../../../outdir/nv_small/vmod/nvdla/nocif/NV_NVDLA_NOCIF_DRAM_WRITE_eg.v.vcp 
../../../tools/bin/vcp -i NV_NVDLA_NOCIF_DRAM_READ_ig.v -o ../../../outdir/nv_small/vmod/nvdla/nocif/NV_NVDLA_NOCIF_DRAM_READ_ig.v.vcp -imacros ../../../outdir/nv_small/spec/defs/project.h -inc /home/ignacio/Desktop/NVDLA_repo/NVDLA_repo/hardware_framework/NVDLA/hw/vmod/include -inc ../../../outdir/nv_small/spec/manual -cpp /usr/bin/cpp
/usr/bin/perl -I ../../../vmod/plugins -Meperl ../../../tools/bin/eperl -o ../../../outdir/nv_small/vmod/nvdla/nocif/NV_NVDLA_NOCIF_DRAM_READ_ig.v ../../../outdir/nv_small/vmod/nvdla/nocif/NV_NVDLA_NOCIF_DRAM_READ_ig.v.vcp 
../../../tools/bin/vcp -i NV_NVDLA_nocif.v -o ../../../outdir/nv_small/vmod/nvdla/nocif/NV_NVDLA_nocif.v.vcp -imacros ../../../outdir/nv_small/spec/defs/project.h -inc /home/ignacio/Desktop/NVDLA_repo/NVDLA_repo/hardware_framework/NVDLA/hw/vmod/include -inc ../../../outdir/nv_small/spec/manual -cpp /usr/bin/cpp
/usr/bin/perl -I ../../../vmod/plugins -Meperl ../../../tools/bin/eperl -o ../../../outdir/nv_small/vmod/nvdla/nocif/NV_NVDLA_nocif.v ../../../outdir/nv_small/vmod/nvdla/nocif/NV_NVDLA_nocif.v.vcp 
../../../tools/bin/vcp -i NV_NVDLA_NOCIF_DRAM_READ_IG_cvt.v -o ../../../outdir/nv_small/vmod/nvdla/nocif/NV_NVDLA_NOCIF_DRAM_READ_IG_cvt.v.vcp -imacros ../../../outdir/nv_small/spec/defs/project.h -inc /home/ignacio/Desktop/NVDLA_repo/NVDLA_repo/hardware_framework/NVDLA/hw/vmod/include -inc ../../../outdir/nv_small/spec/manual -cpp /usr/bin/cpp
/usr/bin/perl -I ../../../vmod/plugins -Meperl ../../../tools/bin/eperl -o ../../../outdir/nv_small/vmod/nvdla/nocif/NV_NVDLA_NOCIF_DRAM_READ_IG_cvt.v ../../../outdir/nv_small/vmod/nvdla/nocif/NV_NVDLA_NOCIF_DRAM_READ_IG_cvt.v.vcp 
../../../tools/bin/vcp -i NV_NVDLA_NOCIF_DRAM_WRITE_IG_cvt.v -o ../../../outdir/nv_small/vmod/nvdla/nocif/NV_NVDLA_NOCIF_DRAM_WRITE_IG_cvt.v.vcp -imacros ../../../outdir/nv_small/spec/defs/project.h -inc /home/ignacio/Desktop/NVDLA_repo/NVDLA_repo/hardware_framework/NVDLA/hw/vmod/include -inc ../../../outdir/nv_small/spec/manual -cpp /usr/bin/cpp
/usr/bin/perl -I ../../../vmod/plugins -Meperl ../../../tools/bin/eperl -o ../../../outdir/nv_small/vmod/nvdla/nocif/NV_NVDLA_NOCIF_DRAM_WRITE_IG_cvt.v ../../../outdir/nv_small/vmod/nvdla/nocif/NV_NVDLA_NOCIF_DRAM_WRITE_IG_cvt.v.vcp 
../../../tools/bin/vcp -i NV_NVDLA_MCIF_csb.v -o ../../../outdir/nv_small/vmod/nvdla/nocif/NV_NVDLA_MCIF_csb.v.vcp -imacros ../../../outdir/nv_small/spec/defs/project.h -inc /home/ignacio/Desktop/NVDLA_repo/NVDLA_repo/hardware_framework/NVDLA/hw/vmod/include -inc ../../../outdir/nv_small/spec/manual -cpp /usr/bin/cpp
/usr/bin/perl -I ../../../vmod/plugins -Meperl ../../../tools/bin/eperl -o ../../../outdir/nv_small/vmod/nvdla/nocif/NV_NVDLA_MCIF_csb.v ../../../outdir/nv_small/vmod/nvdla/nocif/NV_NVDLA_MCIF_csb.v.vcp 
../../../tools/bin/vcp -i NV_NVDLA_NOCIF_DRAM_WRITE_IG_bpt.v -o ../../../outdir/nv_small/vmod/nvdla/nocif/NV_NVDLA_NOCIF_DRAM_WRITE_IG_bpt.v.vcp -imacros ../../../outdir/nv_small/spec/defs/project.h -inc /home/ignacio/Desktop/NVDLA_repo/NVDLA_repo/hardware_framework/NVDLA/hw/vmod/include -inc ../../../outdir/nv_small/spec/manual -cpp /usr/bin/cpp
/usr/bin/perl -I ../../../vmod/plugins -Meperl ../../../tools/bin/eperl -o ../../../outdir/nv_small/vmod/nvdla/nocif/NV_NVDLA_NOCIF_DRAM_WRITE_IG_bpt.v ../../../outdir/nv_small/vmod/nvdla/nocif/NV_NVDLA_NOCIF_DRAM_WRITE_IG_bpt.v.vcp 
../../../tools/bin/vcp -i NV_NVDLA_NOCIF_DRAM_WRITE_IG_spt.v -o ../../../outdir/nv_small/vmod/nvdla/nocif/NV_NVDLA_NOCIF_DRAM_WRITE_IG_spt.v.vcp -imacros ../../../outdir/nv_small/spec/defs/project.h -inc /home/ignacio/Desktop/NVDLA_repo/NVDLA_repo/hardware_framework/NVDLA/hw/vmod/include -inc ../../../outdir/nv_small/spec/manual -cpp /usr/bin/cpp
/usr/bin/perl -I ../../../vmod/plugins -Meperl ../../../tools/bin/eperl -o ../../../outdir/nv_small/vmod/nvdla/nocif/NV_NVDLA_NOCIF_DRAM_WRITE_IG_spt.v ../../../outdir/nv_small/vmod/nvdla/nocif/NV_NVDLA_NOCIF_DRAM_WRITE_IG_spt.v.vcp 
../../../tools/bin/vcp -i NV_NVDLA_NOCIF_DRAM_read.v -o ../../../outdir/nv_small/vmod/nvdla/nocif/NV_NVDLA_NOCIF_DRAM_read.v.vcp -imacros ../../../outdir/nv_small/spec/defs/project.h -inc /home/ignacio/Desktop/NVDLA_repo/NVDLA_repo/hardware_framework/NVDLA/hw/vmod/include -inc ../../../outdir/nv_small/spec/manual -cpp /usr/bin/cpp
/usr/bin/perl -I ../../../vmod/plugins -Meperl ../../../tools/bin/eperl -o ../../../outdir/nv_small/vmod/nvdla/nocif/NV_NVDLA_NOCIF_DRAM_read.v ../../../outdir/nv_small/vmod/nvdla/nocif/NV_NVDLA_NOCIF_DRAM_read.v.vcp 
../../../tools/bin/vcp -i NV_NVDLA_NOCIF_DRAM_WRITE_ig.v -o ../../../outdir/nv_small/vmod/nvdla/nocif/NV_NVDLA_NOCIF_DRAM_WRITE_ig.v.vcp -imacros ../../../outdir/nv_small/spec/defs/project.h -inc /home/ignacio/Desktop/NVDLA_repo/NVDLA_repo/hardware_framework/NVDLA/hw/vmod/include -inc ../../../outdir/nv_small/spec/manual -cpp /usr/bin/cpp
/usr/bin/perl -I ../../../vmod/plugins -Meperl ../../../tools/bin/eperl -o ../../../outdir/nv_small/vmod/nvdla/nocif/NV_NVDLA_NOCIF_DRAM_WRITE_ig.v ../../../outdir/nv_small/vmod/nvdla/nocif/NV_NVDLA_NOCIF_DRAM_WRITE_ig.v.vcp 
../../../tools/bin/vcp -i NV_NVDLA_NOCIF_DRAM_READ_cq.v -o ../../../outdir/nv_small/vmod/nvdla/nocif/NV_NVDLA_NOCIF_DRAM_READ_cq.v.vcp -imacros ../../../outdir/nv_small/spec/defs/project.h -inc /home/ignacio/Desktop/NVDLA_repo/NVDLA_repo/hardware_framework/NVDLA/hw/vmod/include -inc ../../../outdir/nv_small/spec/manual -cpp /usr/bin/cpp
/usr/bin/perl -I ../../../vmod/plugins -Meperl ../../../tools/bin/eperl -o ../../../outdir/nv_small/vmod/nvdla/nocif/NV_NVDLA_NOCIF_DRAM_READ_cq.v ../../../outdir/nv_small/vmod/nvdla/nocif/NV_NVDLA_NOCIF_DRAM_READ_cq.v.vcp 
../../../tools/bin/vcp -i NV_NVDLA_NOCIF_DRAM_READ_IG_arb.v -o ../../../outdir/nv_small/vmod/nvdla/nocif/NV_NVDLA_NOCIF_DRAM_READ_IG_arb.v.vcp -imacros ../../../outdir/nv_small/spec/defs/project.h -inc /home/ignacio/Desktop/NVDLA_repo/NVDLA_repo/hardware_framework/NVDLA/hw/vmod/include -inc ../../../outdir/nv_small/spec/manual -cpp /usr/bin/cpp
/usr/bin/perl -I ../../../vmod/plugins -Meperl ../../../tools/bin/eperl -o ../../../outdir/nv_small/vmod/nvdla/nocif/NV_NVDLA_NOCIF_DRAM_READ_IG_arb.v ../../../outdir/nv_small/vmod/nvdla/nocif/NV_NVDLA_NOCIF_DRAM_READ_IG_arb.v.vcp 
../../../tools/bin/vcp -i NV_NVDLA_NOCIF_DRAM_READ_IG_spt.v -o ../../../outdir/nv_small/vmod/nvdla/nocif/NV_NVDLA_NOCIF_DRAM_READ_IG_spt.v.vcp -imacros ../../../outdir/nv_small/spec/defs/project.h -inc /home/ignacio/Desktop/NVDLA_repo/NVDLA_repo/hardware_framework/NVDLA/hw/vmod/include -inc ../../../outdir/nv_small/spec/manual -cpp /usr/bin/cpp
/usr/bin/perl -I ../../../vmod/plugins -Meperl ../../../tools/bin/eperl -o ../../../outdir/nv_small/vmod/nvdla/nocif/NV_NVDLA_NOCIF_DRAM_READ_IG_spt.v ../../../outdir/nv_small/vmod/nvdla/nocif/NV_NVDLA_NOCIF_DRAM_READ_IG_spt.v.vcp 
../../../tools/bin/vcp -i NV_NVDLA_MCIF_CSB_reg.v -o ../../../outdir/nv_small/vmod/nvdla/nocif/NV_NVDLA_MCIF_CSB_reg.v.vcp -imacros ../../../outdir/nv_small/spec/defs/project.h -inc /home/ignacio/Desktop/NVDLA_repo/NVDLA_repo/hardware_framework/NVDLA/hw/vmod/include -inc ../../../outdir/nv_small/spec/manual -cpp /usr/bin/cpp
/usr/bin/perl -I ../../../vmod/plugins -Meperl ../../../tools/bin/eperl -o ../../../outdir/nv_small/vmod/nvdla/nocif/NV_NVDLA_MCIF_CSB_reg.v ../../../outdir/nv_small/vmod/nvdla/nocif/NV_NVDLA_MCIF_CSB_reg.v.vcp 
../../../tools/bin/vcp -i NV_NVDLA_NOCIF_DRAM_WRITE_cq.v -o ../../../outdir/nv_small/vmod/nvdla/nocif/NV_NVDLA_NOCIF_DRAM_WRITE_cq.v.vcp -imacros ../../../outdir/nv_small/spec/defs/project.h -inc /home/ignacio/Desktop/NVDLA_repo/NVDLA_repo/hardware_framework/NVDLA/hw/vmod/include -inc ../../../outdir/nv_small/spec/manual -cpp /usr/bin/cpp
/usr/bin/perl -I ../../../vmod/plugins -Meperl ../../../tools/bin/eperl -o ../../../outdir/nv_small/vmod/nvdla/nocif/NV_NVDLA_NOCIF_DRAM_WRITE_cq.v ../../../outdir/nv_small/vmod/nvdla/nocif/NV_NVDLA_NOCIF_DRAM_WRITE_cq.v.vcp 
../../../tools/bin/vcp -i NV_NVDLA_NOCIF_DRAM_READ_eg.v -o ../../../outdir/nv_small/vmod/nvdla/nocif/NV_NVDLA_NOCIF_DRAM_READ_eg.v.vcp -imacros ../../../outdir/nv_small/spec/defs/project.h -inc /home/ignacio/Desktop/NVDLA_repo/NVDLA_repo/hardware_framework/NVDLA/hw/vmod/include -inc ../../../outdir/nv_small/spec/manual -cpp /usr/bin/cpp
/usr/bin/perl -I ../../../vmod/plugins -Meperl ../../../tools/bin/eperl -o ../../../outdir/nv_small/vmod/nvdla/nocif/NV_NVDLA_NOCIF_DRAM_READ_eg.v ../../../outdir/nv_small/vmod/nvdla/nocif/NV_NVDLA_NOCIF_DRAM_READ_eg.v.vcp 
../../../tools/bin/vcp -i NV_NVDLA_NOCIF_DRAM_READ_IG_bpt.v -o ../../../outdir/nv_small/vmod/nvdla/nocif/NV_NVDLA_NOCIF_DRAM_READ_IG_bpt.v.vcp -imacros ../../../outdir/nv_small/spec/defs/project.h -inc /home/ignacio/Desktop/NVDLA_repo/NVDLA_repo/hardware_framework/NVDLA/hw/vmod/include -inc ../../../outdir/nv_small/spec/manual -cpp /usr/bin/cpp
/usr/bin/perl -I ../../../vmod/plugins -Meperl ../../../tools/bin/eperl -o ../../../outdir/nv_small/vmod/nvdla/nocif/NV_NVDLA_NOCIF_DRAM_READ_IG_bpt.v ../../../outdir/nv_small/vmod/nvdla/nocif/NV_NVDLA_NOCIF_DRAM_READ_IG_bpt.v.vcp 
../../../tools/bin/vcp -i NV_NVDLA_DMAIF_wr.v -o ../../../outdir/nv_small/vmod/nvdla/nocif/NV_NVDLA_DMAIF_wr.v.vcp -imacros ../../../outdir/nv_small/spec/defs/project.h -inc /home/ignacio/Desktop/NVDLA_repo/NVDLA_repo/hardware_framework/NVDLA/hw/vmod/include -inc ../../../outdir/nv_small/spec/manual -cpp /usr/bin/cpp
/usr/bin/perl -I ../../../vmod/plugins -Meperl ../../../tools/bin/eperl -o ../../../outdir/nv_small/vmod/nvdla/nocif/NV_NVDLA_DMAIF_wr.v ../../../outdir/nv_small/vmod/nvdla/nocif/NV_NVDLA_DMAIF_wr.v.vcp 
../../../tools/bin/vcp -i NV_NVDLA_DMAIF_rdrsp.v -o ../../../outdir/nv_small/vmod/nvdla/nocif/NV_NVDLA_DMAIF_rdrsp.v.vcp -imacros ../../../outdir/nv_small/spec/defs/project.h -inc /home/ignacio/Desktop/NVDLA_repo/NVDLA_repo/hardware_framework/NVDLA/hw/vmod/include -inc ../../../outdir/nv_small/spec/manual -cpp /usr/bin/cpp
/usr/bin/perl -I ../../../vmod/plugins -Meperl ../../../tools/bin/eperl -o ../../../outdir/nv_small/vmod/nvdla/nocif/NV_NVDLA_DMAIF_rdrsp.v ../../../outdir/nv_small/vmod/nvdla/nocif/NV_NVDLA_DMAIF_rdrsp.v.vcp 
../../../tools/bin/vcp -i NV_NVDLA_nocif.swl -o ../../../outdir/nv_small/vmod/nvdla/nocif/NV_NVDLA_nocif.swl.vcp -imacros ../../../outdir/nv_small/spec/defs/project.h -inc /home/ignacio/Desktop/NVDLA_repo/NVDLA_repo/hardware_framework/NVDLA/hw/vmod/include -inc ../../../outdir/nv_small/spec/manual -cpp /usr/bin/cpp
/usr/bin/perl -I ../../../vmod/plugins -Meperl ../../../tools/bin/eperl -o ../../../outdir/nv_small/vmod/nvdla/nocif/NV_NVDLA_nocif.swl ../../../outdir/nv_small/vmod/nvdla/nocif/NV_NVDLA_nocif.swl.vcp 
==============================================
files are generated under /home/ignacio/Desktop/NVDLA_repo/NVDLA_repo/hardware_framework/NVDLA/hw/outdir/nv_small/vmod/nvdla/nocif
==============================================
Processing NV_NVDLA_NOCIF_DRAM_write.v into ../../../outdir/nv_small/vmod/nvdla/nocif/NV_NVDLA_NOCIF_DRAM_write.v.vcp
../../../outdir/nv_small/vmod/nvdla/nocif/NV_NVDLA_NOCIF_DRAM_write.v.vcp successfully written
eperl: ../../../outdir/nv_small/vmod/nvdla/nocif/NV_NVDLA_NOCIF_DRAM_write.v modified.
Processing NV_NVDLA_XXIF_libs.v into ../../../outdir/nv_small/vmod/nvdla/nocif/NV_NVDLA_XXIF_libs.v.vcp
../../../outdir/nv_small/vmod/nvdla/nocif/NV_NVDLA_XXIF_libs.v.vcp successfully written
eperl: ../../../outdir/nv_small/vmod/nvdla/nocif/NV_NVDLA_XXIF_libs.v modified.
Processing NV_NVDLA_NOCIF_DRAM_WRITE_IG_arb.v into ../../../outdir/nv_small/vmod/nvdla/nocif/NV_NVDLA_NOCIF_DRAM_WRITE_IG_arb.v.vcp
../../../outdir/nv_small/vmod/nvdla/nocif/NV_NVDLA_NOCIF_DRAM_WRITE_IG_arb.v.vcp successfully written
eperl: ../../../outdir/nv_small/vmod/nvdla/nocif/NV_NVDLA_NOCIF_DRAM_WRITE_IG_arb.v modified.
Processing NV_NVDLA_DMAIF_rdreq.v into ../../../outdir/nv_small/vmod/nvdla/nocif/NV_NVDLA_DMAIF_rdreq.v.vcp
../../../outdir/nv_small/vmod/nvdla/nocif/NV_NVDLA_DMAIF_rdreq.v.vcp successfully written
eperl: ../../../outdir/nv_small/vmod/nvdla/nocif/NV_NVDLA_DMAIF_rdreq.v modified.
Processing NV_NVDLA_NOCIF_dram.v into ../../../outdir/nv_small/vmod/nvdla/nocif/NV_NVDLA_NOCIF_dram.v.vcp
../../../outdir/nv_small/vmod/nvdla/nocif/NV_NVDLA_NOCIF_dram.v.vcp successfully written
eperl: ../../../outdir/nv_small/vmod/nvdla/nocif/NV_NVDLA_NOCIF_dram.v modified.
Processing NV_NVDLA_NOCIF_DRAM_WRITE_eg.v into ../../../outdir/nv_small/vmod/nvdla/nocif/NV_NVDLA_NOCIF_DRAM_WRITE_eg.v.vcp
../../../outdir/nv_small/vmod/nvdla/nocif/NV_NVDLA_NOCIF_DRAM_WRITE_eg.v.vcp successfully written
eperl: ../../../outdir/nv_small/vmod/nvdla/nocif/NV_NVDLA_NOCIF_DRAM_WRITE_eg.v modified.
Processing NV_NVDLA_NOCIF_DRAM_READ_ig.v into ../../../outdir/nv_small/vmod/nvdla/nocif/NV_NVDLA_NOCIF_DRAM_READ_ig.v.vcp
../../../outdir/nv_small/vmod/nvdla/nocif/NV_NVDLA_NOCIF_DRAM_READ_ig.v.vcp successfully written
eperl: ../../../outdir/nv_small/vmod/nvdla/nocif/NV_NVDLA_NOCIF_DRAM_READ_ig.v modified.
Processing NV_NVDLA_nocif.v into ../../../outdir/nv_small/vmod/nvdla/nocif/NV_NVDLA_nocif.v.vcp
../../../outdir/nv_small/vmod/nvdla/nocif/NV_NVDLA_nocif.v.vcp successfully written
eperl: ../../../outdir/nv_small/vmod/nvdla/nocif/NV_NVDLA_nocif.v modified.
Processing NV_NVDLA_NOCIF_DRAM_READ_IG_cvt.v into ../../../outdir/nv_small/vmod/nvdla/nocif/NV_NVDLA_NOCIF_DRAM_READ_IG_cvt.v.vcp
../../../outdir/nv_small/vmod/nvdla/nocif/NV_NVDLA_NOCIF_DRAM_READ_IG_cvt.v.vcp successfully written
eperl: ../../../outdir/nv_small/vmod/nvdla/nocif/NV_NVDLA_NOCIF_DRAM_READ_IG_cvt.v modified.
Processing NV_NVDLA_NOCIF_DRAM_WRITE_IG_cvt.v into ../../../outdir/nv_small/vmod/nvdla/nocif/NV_NVDLA_NOCIF_DRAM_WRITE_IG_cvt.v.vcp
../../../outdir/nv_small/vmod/nvdla/nocif/NV_NVDLA_NOCIF_DRAM_WRITE_IG_cvt.v.vcp successfully written
eperl: ../../../outdir/nv_small/vmod/nvdla/nocif/NV_NVDLA_NOCIF_DRAM_WRITE_IG_cvt.v modified.
Processing NV_NVDLA_MCIF_csb.v into ../../../outdir/nv_small/vmod/nvdla/nocif/NV_NVDLA_MCIF_csb.v.vcp
../../../outdir/nv_small/vmod/nvdla/nocif/NV_NVDLA_MCIF_csb.v.vcp successfully written
eperl: ../../../outdir/nv_small/vmod/nvdla/nocif/NV_NVDLA_MCIF_csb.v modified.
Processing NV_NVDLA_NOCIF_DRAM_WRITE_IG_bpt.v into ../../../outdir/nv_small/vmod/nvdla/nocif/NV_NVDLA_NOCIF_DRAM_WRITE_IG_bpt.v.vcp
../../../outdir/nv_small/vmod/nvdla/nocif/NV_NVDLA_NOCIF_DRAM_WRITE_IG_bpt.v.vcp successfully written
eperl: ../../../outdir/nv_small/vmod/nvdla/nocif/NV_NVDLA_NOCIF_DRAM_WRITE_IG_bpt.v modified.
Processing NV_NVDLA_NOCIF_DRAM_WRITE_IG_spt.v into ../../../outdir/nv_small/vmod/nvdla/nocif/NV_NVDLA_NOCIF_DRAM_WRITE_IG_spt.v.vcp
../../../outdir/nv_small/vmod/nvdla/nocif/NV_NVDLA_NOCIF_DRAM_WRITE_IG_spt.v.vcp successfully written
eperl: ../../../outdir/nv_small/vmod/nvdla/nocif/NV_NVDLA_NOCIF_DRAM_WRITE_IG_spt.v modified.
Processing NV_NVDLA_NOCIF_DRAM_read.v into ../../../outdir/nv_small/vmod/nvdla/nocif/NV_NVDLA_NOCIF_DRAM_read.v.vcp
../../../outdir/nv_small/vmod/nvdla/nocif/NV_NVDLA_NOCIF_DRAM_read.v.vcp successfully written
eperl: ../../../outdir/nv_small/vmod/nvdla/nocif/NV_NVDLA_NOCIF_DRAM_read.v modified.
Processing NV_NVDLA_NOCIF_DRAM_WRITE_ig.v into ../../../outdir/nv_small/vmod/nvdla/nocif/NV_NVDLA_NOCIF_DRAM_WRITE_ig.v.vcp
../../../outdir/nv_small/vmod/nvdla/nocif/NV_NVDLA_NOCIF_DRAM_WRITE_ig.v.vcp successfully written
eperl: ../../../outdir/nv_small/vmod/nvdla/nocif/NV_NVDLA_NOCIF_DRAM_WRITE_ig.v modified.
Processing NV_NVDLA_NOCIF_DRAM_READ_cq.v into ../../../outdir/nv_small/vmod/nvdla/nocif/NV_NVDLA_NOCIF_DRAM_READ_cq.v.vcp
../../../outdir/nv_small/vmod/nvdla/nocif/NV_NVDLA_NOCIF_DRAM_READ_cq.v.vcp successfully written
eperl: ../../../outdir/nv_small/vmod/nvdla/nocif/NV_NVDLA_NOCIF_DRAM_READ_cq.v modified.
Processing NV_NVDLA_NOCIF_DRAM_READ_IG_arb.v into ../../../outdir/nv_small/vmod/nvdla/nocif/NV_NVDLA_NOCIF_DRAM_READ_IG_arb.v.vcp
../../../outdir/nv_small/vmod/nvdla/nocif/NV_NVDLA_NOCIF_DRAM_READ_IG_arb.v.vcp successfully written
eperl: ../../../outdir/nv_small/vmod/nvdla/nocif/NV_NVDLA_NOCIF_DRAM_READ_IG_arb.v modified.
Processing NV_NVDLA_NOCIF_DRAM_READ_IG_spt.v into ../../../outdir/nv_small/vmod/nvdla/nocif/NV_NVDLA_NOCIF_DRAM_READ_IG_spt.v.vcp
../../../outdir/nv_small/vmod/nvdla/nocif/NV_NVDLA_NOCIF_DRAM_READ_IG_spt.v.vcp successfully written
eperl: ../../../outdir/nv_small/vmod/nvdla/nocif/NV_NVDLA_NOCIF_DRAM_READ_IG_spt.v modified.
Processing NV_NVDLA_MCIF_CSB_reg.v into ../../../outdir/nv_small/vmod/nvdla/nocif/NV_NVDLA_MCIF_CSB_reg.v.vcp
../../../outdir/nv_small/vmod/nvdla/nocif/NV_NVDLA_MCIF_CSB_reg.v.vcp successfully written
eperl: ../../../outdir/nv_small/vmod/nvdla/nocif/NV_NVDLA_MCIF_CSB_reg.v modified.
Processing NV_NVDLA_NOCIF_DRAM_WRITE_cq.v into ../../../outdir/nv_small/vmod/nvdla/nocif/NV_NVDLA_NOCIF_DRAM_WRITE_cq.v.vcp
../../../outdir/nv_small/vmod/nvdla/nocif/NV_NVDLA_NOCIF_DRAM_WRITE_cq.v.vcp successfully written
eperl: ../../../outdir/nv_small/vmod/nvdla/nocif/NV_NVDLA_NOCIF_DRAM_WRITE_cq.v modified.
Processing NV_NVDLA_NOCIF_DRAM_READ_eg.v into ../../../outdir/nv_small/vmod/nvdla/nocif/NV_NVDLA_NOCIF_DRAM_READ_eg.v.vcp
../../../outdir/nv_small/vmod/nvdla/nocif/NV_NVDLA_NOCIF_DRAM_READ_eg.v.vcp successfully written
eperl: ../../../outdir/nv_small/vmod/nvdla/nocif/NV_NVDLA_NOCIF_DRAM_READ_eg.v modified.
Processing NV_NVDLA_NOCIF_DRAM_READ_IG_bpt.v into ../../../outdir/nv_small/vmod/nvdla/nocif/NV_NVDLA_NOCIF_DRAM_READ_IG_bpt.v.vcp
../../../outdir/nv_small/vmod/nvdla/nocif/NV_NVDLA_NOCIF_DRAM_READ_IG_bpt.v.vcp successfully written
eperl: ../../../outdir/nv_small/vmod/nvdla/nocif/NV_NVDLA_NOCIF_DRAM_READ_IG_bpt.v modified.
Processing NV_NVDLA_DMAIF_wr.v into ../../../outdir/nv_small/vmod/nvdla/nocif/NV_NVDLA_DMAIF_wr.v.vcp
../../../outdir/nv_small/vmod/nvdla/nocif/NV_NVDLA_DMAIF_wr.v.vcp successfully written
eperl: ../../../outdir/nv_small/vmod/nvdla/nocif/NV_NVDLA_DMAIF_wr.v modified.
Processing NV_NVDLA_DMAIF_rdrsp.v into ../../../outdir/nv_small/vmod/nvdla/nocif/NV_NVDLA_DMAIF_rdrsp.v.vcp
../../../outdir/nv_small/vmod/nvdla/nocif/NV_NVDLA_DMAIF_rdrsp.v.vcp successfully written
eperl: ../../../outdir/nv_small/vmod/nvdla/nocif/NV_NVDLA_DMAIF_rdrsp.v modified.
Processing NV_NVDLA_nocif.swl into ../../../outdir/nv_small/vmod/nvdla/nocif/NV_NVDLA_nocif.swl.vcp
../../../outdir/nv_small/vmod/nvdla/nocif/NV_NVDLA_nocif.swl.vcp successfully written
eperl: ../../../outdir/nv_small/vmod/nvdla/nocif/NV_NVDLA_nocif.swl modified.
