/space/tools/synopsys/syn-L-2016.03-SP5-2/auxx/gui/dv/dv_setup.tcl
/space/tools/synopsys/syn-L-2016.03-SP5-2/auxx/gui/syn/snpsSynProcs.tcl
/space/tools/synopsys/syn-L-2016.03-SP5-2/auxx/gui/syn/layout/pkgIndex.tcl
/space/tools/synopsys/syn-L-2016.03-SP5-2/auxx/gui/common/tq/pkgIndex.tcl
/space/tools/synopsys/syn-L-2016.03-SP5-2/auxx/gui/common/docBrowser/pkgIndex.tcl
/space/tools/synopsys/syn-L-2016.03-SP5-2/auxx/gui/common/qtcl/pkgIndex.tcl
/space/tools/synopsys/syn-L-2016.03-SP5-2/auxx/gui/common/profiler/pkgIndex.tcl
/space/tools/synopsys/syn-L-2016.03-SP5-2/auxx/gui/common/highlight/pkgIndex.tcl
/space/tools/synopsys/syn-L-2016.03-SP5-2/auxx/gui/common/tiledview/pkgIndex.tcl
/space/tools/synopsys/syn-L-2016.03-SP5-2/auxx/gui/common/mrupalette/pkgIndex.tcl
/space/tools/synopsys/syn-L-2016.03-SP5-2/auxx/gui/common/histogram/pkgIndex.tcl
/space/tools/synopsys/syn-L-2016.03-SP5-2/auxx/gui/common/palettegroup/pkgIndex.tcl
/space/tools/synopsys/syn-L-2016.03-SP5-2/auxx/gui/common/layout/pkgIndex.tcl
/space/tools/synopsys/syn-L-2016.03-SP5-2/auxx/gui/common/select/pkgIndex.tcl
/space/tools/synopsys/syn-L-2016.03-SP5-2/auxx/gui/common/pathinspector/pkgIndex.tcl
/space/tools/synopsys/syn-L-2016.03-SP5-2/auxx/gui/common/regressionToolkit/pkgIndex.tcl
/space/tools/synopsys/syn-L-2016.03-SP5-2/auxx/gui/common/fanoutviewer/pkgIndex.tcl
/space/tools/synopsys/syn-L-2016.03-SP5-2/auxx/gui/common/table/pkgIndex.tcl
/space/tools/synopsys/syn-L-2016.03-SP5-2/auxx/gui/common/opdlg/pkgIndex.tcl
/space/tools/synopsys/syn-L-2016.03-SP5-2/auxx/gui/common/timing/pkgIndex.tcl
/space/tools/synopsys/syn-L-2016.03-SP5-2/auxx/gui/common/acg/pkgIndex.tcl
/space/tools/synopsys/syn-L-2016.03-SP5-2/auxx/gui/common/strokes/pkgIndex.tcl
/space/tools/synopsys/syn-L-2016.03-SP5-2/auxx/gui/common/libviewer/pkgIndex.tcl
/space/tools/synopsys/syn-L-2016.03-SP5-2/auxx/gui/common/menus/pkgIndex.tcl
/space/tools/synopsys/syn-L-2016.03-SP5-2/auxx/gui/common/view/pkgIndex.tcl
/space/tools/synopsys/syn-L-2016.03-SP5-2/auxx/gui/common/commandform/pkgIndex.tcl
/space/tools/synopsys/syn-L-2016.03-SP5-2/auxx/gui/common/WindowFrameWork/pkgIndex.tcl
/space/tools/synopsys/syn-L-2016.03-SP5-2/auxx/gui/common/schematic/pkgIndex.tcl
/space/tools/synopsys/syn-L-2016.03-SP5-2/auxx/gui/common/misc/pkgIndex.tcl
/space/tools/synopsys/syn-L-2016.03-SP5-2/auxx/gui/common/tcl-dp/pkgIndex.tcl
/space/tools/synopsys/syn-L-2016.03-SP5-2/auxx/gui/common/dialogs/pkgIndex.tcl
/space/tools/synopsys/syn-L-2016.03-SP5-2/auxx/gui/common/setup/pkgIndex.tcl
/space/tools/synopsys/syn-L-2016.03-SP5-2/auxx/gui/common/hierarchy/pkgIndex.tcl
/space/tools/synopsys/syn-L-2016.03-SP5-2/auxx/gui/dv/pkgIndex.tcl
/space/tools/synopsys/syn-L-2016.03-SP5-2/auxx/syn/lib/pkgIndex.tcl
/space/tools/synopsys/syn-L-2016.03-SP5-2/auxx/tcllib/lib/iwidgets4.1/pkgIndex.tcl
/space/tools/synopsys/syn-L-2016.03-SP5-2/auxx/tcllib/snps_tcl/snpsTclPro/pkgIndex.tcl
/space/tools/synopsys/syn-L-2016.03-SP5-2/auxx/tcllib/snps_tcl/snpsTest/pkgIndex.tcl
/space/tools/synopsys/syn-L-2016.03-SP5-2/auxx/tcllib/snps_tcl/snpsUtils/pkgIndex.tcl
/space/tools/synopsys/syn-L-2016.03-SP5-2/auxx/tcllib/snps_tcl/pkgIndex.tcl
/space/tools/synopsys/syn-L-2016.03-SP5-2/auxx/tcllib/lib/tcl8.6/reg/pkgIndex.tcl
/space/tools/synopsys/syn-L-2016.03-SP5-2/auxx/tcllib/lib/tcl8.6/dde/pkgIndex.tcl
/space/tools/synopsys/syn-L-2016.03-SP5-2/auxx/tcllib/lib/tcl8.6/platform/pkgIndex.tcl
/space/tools/synopsys/syn-L-2016.03-SP5-2/auxx/tcllib/lib/tcl8.6/tcltest/pkgIndex.tcl
/space/tools/synopsys/syn-L-2016.03-SP5-2/auxx/tcllib/lib/tcl8.6/http/pkgIndex.tcl
/space/tools/synopsys/syn-L-2016.03-SP5-2/auxx/tcllib/lib/tcl8.6/msgcat/pkgIndex.tcl
/space/tools/synopsys/syn-L-2016.03-SP5-2/auxx/tcllib/lib/tcl8.6/http1.0/pkgIndex.tcl
/space/tools/synopsys/syn-L-2016.03-SP5-2/auxx/tcllib/lib/tcl8.6/opt/pkgIndex.tcl
/space/tools/synopsys/syn-L-2016.03-SP5-2/auxx/gui/common/setup/snpsCommonSetup.tcl
/space/tools/synopsys/syn-L-2016.03-SP5-2/auxx/gui/common/setup/snpsCustomize.tcl
/space/tools/synopsys/syn-L-2016.03-SP5-2/auxx/gui/common/setup/snpsProcheck.tcl
/space/tools/synopsys/syn-L-2016.03-SP5-2/auxx/gui/common/qtcl/.synopsys_qtcl.tcl
/space/tools/synopsys/syn-L-2016.03-SP5-2/auxx/gui/common/highlight/highlight.tcl
/space/tools/synopsys/syn-L-2016.03-SP5-2/auxx/gui/common/misc/base.tcl
/space/tools/synopsys/syn-L-2016.03-SP5-2/auxx/gui/common/misc/timing.tcl
/space/tools/synopsys/syn-L-2016.03-SP5-2/auxx/gui/common/misc/setting.tcl
/space/tools/synopsys/syn-L-2016.03-SP5-2/auxx/gui/common/misc/preset.tcl
/space/tools/synopsys/syn-L-2016.03-SP5-2/auxx/gui/common/WindowFrameWork/windowFrameWork.tcl
/space/tools/synopsys/syn-L-2016.03-SP5-2/auxx/gui/common/WindowFrameWork/skipBusyCursorCmdList.tcl
/space/tools/synopsys/syn-L-2016.03-SP5-2/auxx/gui/common/docBrowser/docBrowser.tcl
/space/tools/synopsys/syn-L-2016.03-SP5-2/auxx/tcllib/snps_tcl/snpsUtils/snpsUtils.tcl
/space/tools/synopsys/syn-L-2016.03-SP5-2/auxx/gui/common/dialogs/ObjectChooser.tcl
/space/tools/synopsys/syn-L-2016.03-SP5-2/auxx/gui/common/misc/DialogObjectChooser.tcl
/space/tools/synopsys/syn-L-2016.03-SP5-2/auxx/gui/common/dialogs/HistBinInformation.tcl
/space/tools/synopsys/syn-L-2016.03-SP5-2/auxx/gui/common/dialogs/HistBin1Information.tcl
/space/tools/synopsys/syn-L-2016.03-SP5-2/auxx/gui/common/dialogs/BinsOnlyInformation.tcl
/space/tools/synopsys/syn-L-2016.03-SP5-2/auxx/gui/common/dialogs/FileChooser.tcl
/space/tools/synopsys/syn-L-2016.03-SP5-2/auxx/gui/common/dialogs/PathPinSimpleInfo.tcl
/space/tools/synopsys/syn-L-2016.03-SP5-2/auxx/gui/common/dialogs/PathsBasicInfo.tcl
/space/tools/synopsys/syn-L-2016.03-SP5-2/auxx/gui/common/dialogs/PathsBasicSimpleInfo.tcl
/space/tools/synopsys/syn-L-2016.03-SP5-2/auxx/gui/common/dialogs/SlctOperationInfo.tcl
/space/tools/synopsys/syn-L-2016.03-SP5-2/auxx/gui/common/dialogs/ObjectListInfo.tcl
/space/tools/synopsys/syn-L-2016.03-SP5-2/auxx/gui/common/dialogs/FanInOutInfo.tcl
/space/tools/synopsys/syn-L-2016.03-SP5-2/auxx/gui/common/dialogs/NumberOfLevelsChooser.tcl
/space/tools/synopsys/syn-L-2016.03-SP5-2/auxx/gui/common/dialogs/WindowReuseInfo.tcl
/space/tools/synopsys/syn-L-2016.03-SP5-2/auxx/gui/common/dialogs/ReportOutputOptionInfo.tcl
/space/tools/synopsys/syn-L-2016.03-SP5-2/auxx/gui/common/setup/snpsCollections.tcl
/space/tools/synopsys/syn-L-2016.03-SP5-2/auxx/gui/common/dialogs/CompileLinkDesign.tcl
/space/tools/synopsys/syn-L-2016.03-SP5-2/auxx/gui/common/histogram/DialogEndpointSlack.tcl
/space/tools/synopsys/syn-L-2016.03-SP5-2/auxx/gui/common/histogram/DialogPathsSlack.tcl
/space/tools/synopsys/syn-L-2016.03-SP5-2/auxx/gui/common/histogram/DialogNetCapacitance.tcl
/space/tools/synopsys/syn-L-2016.03-SP5-2/auxx/gui/common/schematic/DialogPathSchematicFanInOut.tcl
/space/tools/synopsys/syn-L-2016.03-SP5-2/auxx/gui/common/schematic/DialogPathSchematicAddPaths.tcl
/home/goldman/NVDLA_repo/hardware_framework/NVDLA/hw/nvdla_syn_20180706_1616/scripts/dc_run.tcl
/space/tools/synopsys/syn-L-2016.03-SP5-2/auxx/tcllib/lib/tcl8.6/clock.tcl
/space/tools/synopsys/syn-L-2016.03-SP5-2/auxx/tcllib/lib/tcl8.6/msgcat/msgcat.tcl
/home/goldman/NVDLA_repo/hardware_framework/NVDLA/hw/nvdla_syn_20180706_1616/scripts/dc_app_vars.tcl
/space/edalibs/unicad_45nm/CMOS045_SC_14_CORE_LS_SNPS-AVT-CDS_3.0/libs/CMOS045_SC_14_CORE_LS_nom_1.10V_25C.db
/space/tools/synopsys/syn-L-2016.03-SP5-2/libraries/syn/gtech.db
/space/tools/synopsys/syn-L-2016.03-SP5-2/libraries/syn/standard.sldb
/space/edalibs/unicad_45nm/CMOS045_SC_14_CORE_LS_SNPS-AVT-CDS_3.0/libs/CMOS045_SC_14_CORE_LS_nom_1.10V_25C.db
/home/goldman/NVDLA_repo/hardware_framework/NVDLA/hw/nvdla_syn_20180706_1616/src/NV_NVDLA_CMAC_CORE_mac.v
/space/edalibs/unicad_45nm/CMOS045_SC_14_CORE_LS_SNPS-AVT-CDS_3.0/libs/CMOS045_SC_14_CORE_LS_nom_1.10V_25C.db
/home/goldman/NVDLA_repo/hardware_framework/NVDLA/hw/nvdla_syn_20180706_1616/design_lib/NV_NVDLA_CMAC_CORE_mac/alib-52/CMOS045_SC_14_CORE_LS_nom_1.10V_25C.db.alib
/home/goldman/NVDLA_repo/hardware_framework/NVDLA/hw/nvdla_syn_20180706_1616/design_lib/NV_NVDLA_CMAC_CORE_mac/alib-52/alib_analyze_libs.tcl.e
/space/edalibs/unicad_45nm/CMOS045_SC_14_CORE_LS_SNPS-AVT-CDS_3.0/libs/CMOS045_SC_14_CORE_LS_nom_1.10V_25C.db
/home/goldman/NVDLA_repo/hardware_framework/NVDLA/hw/nvdla_syn_20180706_1616/design_lib/NV_NVDLA_CMAC_CORE_mac/alib-52/CMOS045_SC_14_CORE_LS_nom_1.10V_25C.db.alib
/space/tools/synopsys/syn-L-2016.03-SP5-2/libraries/syn/dw_foundation.sldb
/space/edalibs/unicad_45nm/CMOS045_SC_14_CORE_LS_SNPS-AVT-CDS_3.0/libs/CMOS045_SC_14_CORE_LS_nom_1.10V_25C.db
/home/goldman/NVDLA_repo/hardware_framework/NVDLA/hw/nvdla_syn_20180706_1616/design_lib/NV_NVDLA_CMAC_CORE_mac/alib-52/CMOS045_SC_14_CORE_LS_nom_1.10V_25C.db.alib
